TN:
SF:src\app\app.component.ts
FN:14,(anonymous_0)
FNF:1
FNH:1
FNDA:3,(anonymous_0)
DA:14,1
DA:15,3
LF:2
LH:2
BRF:0
BRH:0
end_of_record
TN:
SF:src\app\Components\categoria\categoria.component.ts
FNF:0
FNH:0
DA:10,1
LF:1
LH:1
BRF:0
BRH:0
end_of_record
TN:
SF:src\app\Components\home\home.component.ts
FNF:0
FNH:0
DA:10,1
LF:1
LH:1
BRF:0
BRH:0
end_of_record
TN:
SF:src\app\Components\login\login.component.ts
FN:37,(anonymous_0)
FN:48,(anonymous_1)
FN:59,(anonymous_2)
FN:70,(anonymous_3)
FN:107,(anonymous_4)
FN:112,(anonymous_5)
FNF:6
FNH:2
FNDA:1,(anonymous_0)
FNDA:1,(anonymous_1)
FNDA:0,(anonymous_2)
FNDA:0,(anonymous_3)
FNDA:0,(anonymous_4)
FNDA:0,(anonymous_5)
DA:32,1
DA:38,1
DA:39,1
DA:40,1
DA:45,1
DA:46,1
DA:53,1
DA:60,0
DA:62,0
DA:68,0
DA:70,0
DA:71,0
DA:109,0
DA:113,0
DA:115,0
DA:120,0
DA:122,0
LF:17
LH:7
BRDA:60,0,0,0
BRDA:113,1,0,0
BRDA:113,1,1,0
BRF:3
BRH:0
end_of_record
TN:
SF:src\app\Components\menu\menu.component.ts
FN:18,(anonymous_0)
FN:25,(anonymous_1)
FN:31,(anonymous_2)
FN:36,(anonymous_3)
FNF:4
FNH:1
FNDA:4,(anonymous_0)
FNDA:0,(anonymous_1)
FNDA:0,(anonymous_2)
FNDA:0,(anonymous_3)
DA:16,1
DA:17,4
DA:20,4
DA:23,4
DA:32,0
DA:33,0
DA:37,0
DA:38,0
DA:40,0
DA:42,0
LF:10
LH:4
BRDA:37,0,0,0
BRDA:37,0,1,0
BRDA:38,1,0,0
BRDA:38,1,1,0
BRF:4
BRH:0
end_of_record
TN:
SF:src\app\Components\principal\principal.component.ts
FNF:0
FNH:0
DA:10,1
LF:1
LH:1
BRF:0
BRH:0
end_of_record
TN:
SF:src\app\Components\recupera-pass\recupera-pass.component.ts
FN:17,(anonymous_0)
FN:21,(anonymous_1)
FN:27,(anonymous_2)
FNF:3
FNH:2
FNDA:1,(anonymous_0)
FNDA:1,(anonymous_1)
FNDA:0,(anonymous_2)
DA:14,1
DA:18,1
DA:22,1
DA:28,0
DA:30,0
LF:5
LH:3
BRDA:28,0,0,0
BRF:1
BRH:0
end_of_record
TN:
SF:src\app\Components\rol\rol.component.ts
FNF:0
FNH:0
DA:10,1
LF:1
LH:1
BRF:0
BRH:0
end_of_record
TN:
SF:src\app\Components\temas\temas.component.ts
FNF:0
FNH:0
DA:10,1
LF:1
LH:1
BRF:0
BRH:0
end_of_record
TN:
SF:src\app\Components\usuario\usuario.component.ts
FN:32,(anonymous_0)
FN:115,(anonymous_1)
FN:52,(anonymous_2)
FN:55,(anonymous_3)
FN:63,(anonymous_4)
FN:67,(anonymous_5)
FN:68,(anonymous_6)
FN:81,(anonymous_7)
FN:131,(anonymous_8)
FN:142,(anonymous_9)
FN:169,(anonymous_10)
FN:198,(anonymous_11)
FN:220,(anonymous_12)
FNF:13
FNH:4
FNDA:1,(anonymous_0)
FNDA:1,(anonymous_1)
FNDA:0,(anonymous_2)
FNDA:0,(anonymous_3)
FNDA:0,(anonymous_4)
FNDA:0,(anonymous_5)
FNDA:0,(anonymous_6)
FNDA:1,(anonymous_7)
FNDA:0,(anonymous_8)
FNDA:1,(anonymous_9)
FNDA:0,(anonymous_10)
FNDA:0,(anonymous_11)
FNDA:0,(anonymous_12)
DA:19,1
DA:21,1
DA:22,1
DA:23,1
DA:24,1
DA:25,1
DA:28,1
DA:36,1
DA:50,1
DA:56,0
DA:57,0
DA:59,0
DA:64,0
DA:68,0
DA:70,0
DA:71,0
DA:73,0
DA:75,0
DA:77,0
DA:82,1
DA:83,1
DA:84,1
DA:87,0
DA:88,0
DA:89,0
DA:92,0
DA:93,0
DA:94,0
DA:97,0
DA:98,0
DA:99,0
DA:102,0
DA:103,0
DA:104,0
DA:107,0
DA:108,0
DA:109,0
DA:112,0
DA:115,1
DA:116,1
DA:119,1
DA:120,1
DA:124,0
DA:125,0
DA:128,0
DA:132,0
DA:133,0
DA:134,0
DA:135,0
DA:137,0
DA:143,1
DA:144,1
DA:145,1
DA:147,0
DA:148,0
DA:149,0
DA:151,0
DA:152,0
DA:153,0
DA:157,0
DA:158,0
DA:159,0
DA:160,0
DA:162,0
DA:163,0
DA:166,0
DA:170,0
DA:171,0
DA:178,0
DA:189,0
DA:199,0
DA:200,0
DA:201,0
DA:202,0
DA:204,0
DA:206,0
DA:207,0
DA:208,0
DA:210,0
DA:212,0
DA:213,0
DA:216,0
DA:221,0
DA:222,0
DA:223,0
LF:85
LH:19
BRDA:119,0,0,1
BRDA:119,1,0,1
BRDA:119,1,1,1
BRDA:124,2,0,0
BRDA:56,3,0,0
BRDA:56,3,1,0
BRDA:64,4,0,0
BRDA:64,4,1,0
BRDA:73,5,0,0
BRDA:73,6,0,0
BRDA:73,6,1,0
BRDA:75,7,0,0
BRDA:83,8,0,1
BRDA:88,9,0,0
BRDA:93,10,0,0
BRDA:98,11,0,0
BRDA:103,12,0,0
BRDA:108,13,0,0
BRDA:134,14,0,0
BRDA:134,14,1,0
BRDA:144,15,0,1
BRDA:148,16,0,0
BRDA:152,17,0,0
BRDA:162,18,0,0
BRDA:162,19,0,0
BRDA:162,19,1,0
BRDA:170,20,0,0
BRDA:212,21,0,0
BRDA:212,22,0,0
BRDA:212,22,1,0
BRDA:212,22,2,0
BRF:31
BRH:5
end_of_record
TN:
SF:src\app\Service\api-service.service.ts
FN:12,(anonymous_0)
FN:14,(anonymous_1)
FN:18,(anonymous_2)
FN:23,(anonymous_3)
FN:27,(anonymous_4)
FNF:5
FNH:1
FNDA:1,(anonymous_0)
FNDA:0,(anonymous_1)
FNDA:0,(anonymous_2)
FNDA:0,(anonymous_3)
FNDA:0,(anonymous_4)
DA:8,1
DA:10,1
DA:12,1
DA:15,0
DA:20,0
DA:24,0
DA:28,0
LF:7
LH:3
BRF:0
BRH:0
end_of_record
